<?xml version="1.0" encoding="UTF-8"?>
<!-- Generated by org.testng.reporters.JUnitXMLReporter -->
<testsuite hostname="E3480-Djyoti" ignored="0" name="Default test" tests="5" failures="0" timestamp="14 Jul 2020 02:59:35 GMT" time="4.139" errors="0">
  <testcase name="validateAllExistingUsersDetails" time="1.59" classname="com.httpmethod.ValidateUsersApi"/>
  <testcase name="validateSingleUserDetails" time="0.566" classname="com.httpmethod.ValidateUsersApi"/>
  <testcase name="validateCreateSingleUser" time="0.672" classname="com.httpmethod.ValidateUsersApi"/>
  <testcase name="validateDeleteUser" time="0.462" classname="com.httpmethod.ValidateUsersApi"/>
  <testcase name="validateCreateSingleUserWithPojo" time="0.011" classname="com.httpmethod.ValidateUsersApi"/>
</testsuite> <!-- Default test -->
