<?xml version="1.0" encoding="UTF-8"?>
<!-- Generated by org.testng.reporters.JUnitXMLReporter -->
<testsuite hostname="E3480-Djyoti" ignored="0" name="Test" tests="4" failures="2" timestamp="10 Jul 2020 07:53:11 GMT" time="4.022" errors="0">
  <testcase name="validateAllExistingUsersDetails" time="1.491" classname="com.httpmethod.ValidateUsersApi"/>
  <testcase name="validateSingleUserDetails" time="0.369" classname="com.httpmethod.ValidateUsersApi"/>
  <testcase name="validateCreateSingleUser" time="0.735" classname="com.httpmethod.ValidateUsersApi">
    <failure type="java.lang.AssertionError" message="expected [201] but found [404]">
      <![CDATA[java.lang.AssertionError: expected [201] but found [404]
at com.commonutility.APIVerficationUtility.validateResponseCode(APIVerficationUtility.java:15)
at com.httpmethod.ValidateUsersApi.validateCreateSingleUser(ValidateUsersApi.java:56)
... Removed 31 stack frames]]>
    </failure>
  </testcase> <!-- validateCreateSingleUser -->
  <testcase name="validateDeleteUser" time="0.678" classname="com.httpmethod.ValidateUsersApi">
    <failure type="java.lang.AssertionError" message="expected [204] but found [404]">
      <![CDATA[java.lang.AssertionError: expected [204] but found [404]
at com.commonutility.APIVerficationUtility.validateResponseCode(APIVerficationUtility.java:15)
at com.httpmethod.ValidateUsersApi.validateDeleteUser(ValidateUsersApi.java:69)
... Removed 31 stack frames]]>
    </failure>
  </testcase> <!-- validateDeleteUser -->
</testsuite> <!-- Test -->
